# JRE version: OpenJDK Runtime Environment (17.0.6) (build 17.0.6+0-b2043.56-10027231)
# Java VM: OpenJDK 64-Bit Server VM (17.0.6+0-b2043.56-10027231, mixed mode, tiered, compressed oops, compressed class ptrs, g1 gc, windows-amd64)
GC Precious Log:
 CPUs: 8 total, 8 available
 Memory: 16304M
 Large Page Support: Disabled
 NUMA Support: Disabled
 Compressed Oops: Enabled (Zero based)
 Heap Region Size: 2M
 Heap Min Capacity: 8M
 Heap Initial Capacity: 256M
 Heap Max Capacity: 4078M
 Pre-touch: Disabled
 Parallel Workers: 8
 Concurrent Workers: 2
 Concurrent Refinement Workers: 8
 Periodic GC: Disabled
Heap:
 garbage-first heap   total 126976K, used 71308K [0x0000000701200000, 0x0000000800000000)
  region size 2048K, 1 young (2048K), 1 survivors (2048K)
 Metaspace       used 86774K, committed 87104K, reserved 1130496K
  class space    used 9771K, committed 9920K, reserved 1048576K
GC Heap History (20 events):
Event: 4.543 GC heap after
{Heap after GC invocations=18 (full 0):
 garbage-first heap   total 92160K, used 49102K [0x0000000701200000, 0x0000000800000000)
  region size 2048K, 2 young (4096K), 2 survivors (4096K)
 Metaspace       used 61470K, committed 61696K, reserved 1105920K
  class space    used 7415K, committed 7488K, reserved 1048576K
}
Event: 4.981 GC heap before
{Heap before GC invocations=18 (full 0):
 garbage-first heap   total 92160K, used 69582K [0x0000000701200000, 0x0000000800000000)
  region size 2048K, 12 young (24576K), 2 survivors (4096K)
 Metaspace       used 62851K, committed 63168K, reserved 1105920K
  class space    used 7521K, committed 7680K, reserved 1048576K
}
Event: 4.994 GC heap after
{Heap after GC invocations=19 (full 0):
 garbage-first heap   total 92160K, used 52547K [0x0000000701200000, 0x0000000800000000)
  region size 2048K, 2 young (4096K), 2 survivors (4096K)
 Metaspace       used 62851K, committed 63168K, reserved 1105920K
  class space    used 7521K, committed 7680K, reserved 1048576K
}
Event: 5.684 GC heap before
{Heap before GC invocations=20 (full 0):
 garbage-first heap   total 96256K, used 68931K [0x0000000701200000, 0x0000000800000000)
  region size 2048K, 10 young (20480K), 2 survivors (4096K)
 Metaspace       used 64028K, committed 64384K, reserved 1105920K
  class space    used 7581K, committed 7744K, reserved 1048576K
}
Event: 5.692 GC heap after
{Heap after GC invocations=21 (full 0):
 garbage-first heap   total 96256K, used 54893K [0x0000000701200000, 0x0000000800000000)
  region size 2048K, 2 young (4096K), 2 survivors (4096K)
 Metaspace       used 64028K, committed 64384K, reserved 1105920K
  class space    used 7581K, committed 7744K, reserved 1048576K
}
Event: 6.201 GC heap before
{Heap before GC invocations=21 (full 0):
 garbage-first heap   total 96256K, used 73325K [0x0000000701200000, 0x0000000800000000)
  region size 2048K, 11 young (22528K), 2 survivors (4096K)
 Metaspace       used 65060K, committed 65344K, reserved 1114112K
  class space    used 7628K, committed 7808K, reserved 1048576K
}
Event: 6.212 GC heap after
{Heap after GC invocations=22 (full 0):
 garbage-first heap   total 122880K, used 57983K [0x0000000701200000, 0x0000000800000000)
  region size 2048K, 2 young (4096K), 2 survivors (4096K)
 Metaspace       used 65060K, committed 65344K, reserved 1114112K
  class space    used 7628K, committed 7808K, reserved 1048576K
}
Event: 6.778 GC heap before
{Heap before GC invocations=23 (full 0):
 garbage-first heap   total 122880K, used 88703K [0x0000000701200000, 0x0000000800000000)
  region size 2048K, 18 young (36864K), 2 survivors (4096K)
 Metaspace       used 69352K, committed 69632K, reserved 1114112K
  class space    used 8054K, committed 8192K, reserved 1048576K
}
Event: 6.787 GC heap after
{Heap after GC invocations=24 (full 0):
 garbage-first heap   total 122880K, used 60540K [0x0000000701200000, 0x0000000800000000)
  region size 2048K, 3 young (6144K), 3 survivors (6144K)
 Metaspace       used 69352K, committed 69632K, reserved 1114112K
  class space    used 8054K, committed 8192K, reserved 1048576K
}
Event: 7.266 GC heap before
{Heap before GC invocations=24 (full 0):
 garbage-first heap   total 122880K, used 93308K [0x0000000701200000, 0x0000000800000000)
  region size 2048K, 19 young (38912K), 3 survivors (6144K)
 Metaspace       used 73809K, committed 74112K, reserved 1122304K
  class space    used 8505K, committed 8640K, reserved 1048576K
}
Event: 7.280 GC heap after
{Heap after GC invocations=25 (full 0):
 garbage-first heap   total 122880K, used 63874K [0x0000000701200000, 0x0000000800000000)
  region size 2048K, 3 young (6144K), 3 survivors (6144K)
 Metaspace       used 73809K, committed 74112K, reserved 1122304K
  class space    used 8505K, committed 8640K, reserved 1048576K
}
Event: 7.937 GC heap before
{Heap before GC invocations=26 (full 0):
 garbage-first heap   total 122880K, used 94594K [0x0000000701200000, 0x0000000800000000)
  region size 2048K, 19 young (38912K), 3 survivors (6144K)
 Metaspace       used 81234K, committed 81600K, reserved 1122304K
  class space    used 9289K, committed 9472K, reserved 1048576K
}
Event: 7.949 GC heap after
{Heap after GC invocations=27 (full 0):
 garbage-first heap   total 122880K, used 66038K [0x0000000701200000, 0x0000000800000000)
  region size 2048K, 1 young (2048K), 1 survivors (2048K)
 Metaspace       used 81234K, committed 81600K, reserved 1122304K
  class space    used 9289K, committed 9472K, reserved 1048576K
}
Event: 8.011 GC heap before
{Heap before GC invocations=27 (full 0):
 garbage-first heap   total 122880K, used 68086K [0x0000000701200000, 0x0000000800000000)
  region size 2048K, 3 young (6144K), 1 survivors (2048K)
 Metaspace       used 81970K, committed 82304K, reserved 1122304K
  class space    used 9374K, committed 9536K, reserved 1048576K
}
Event: 8.029 GC heap after
{Heap after GC invocations=28 (full 0):
 garbage-first heap   total 122880K, used 66553K [0x0000000701200000, 0x0000000800000000)
  region size 2048K, 1 young (2048K), 1 survivors (2048K)
 Metaspace       used 81970K, committed 82304K, reserved 1122304K
  class space    used 9374K, committed 9536K, reserved 1048576K
}
Event: 8.206 GC heap before
{Heap before GC invocations=28 (full 0):
 garbage-first heap   total 122880K, used 97273K [0x0000000701200000, 0x0000000800000000)
  region size 2048K, 16 young (32768K), 1 survivors (2048K)
 Metaspace       used 82461K, committed 82752K, reserved 1130496K
  class space    used 9396K, committed 9536K, reserved 1048576K
}
Event: 8.214 GC heap after
{Heap after GC invocations=29 (full 0):
 garbage-first heap   total 122880K, used 70717K [0x0000000701200000, 0x0000000800000000)
  region size 2048K, 2 young (4096K), 2 survivors (4096K)
 Metaspace       used 82461K, committed 82752K, reserved 1130496K
  class space    used 9396K, committed 9536K, reserved 1048576K
}
Event: 8.587 GC heap before
{Heap before GC invocations=30 (full 0):
 garbage-first heap   total 126976K, used 97341K [0x0000000701200000, 0x0000000800000000)
  region size 2048K, 15 young (30720K), 2 survivors (4096K)
 Metaspace       used 85802K, committed 86144K, reserved 1130496K
  class space    used 9689K, committed 9856K, reserved 1048576K
}
Event: 8.596 GC heap after
{Heap after GC invocations=31 (full 0):
 garbage-first heap   total 126976K, used 71740K [0x0000000701200000, 0x0000000800000000)
  region size 2048K, 1 young (2048K), 1 survivors (2048K)
 Metaspace       used 85802K, committed 86144K, reserved 1130496K
  class space    used 9689K, committed 9856K, reserved 1048576K
}
Event: 8.685 GC heap before
{Heap before GC invocations=31 (full 0):
 garbage-first heap   total 126976K, used 73788K [0x0000000701200000, 0x0000000800000000)
  region size 2048K, 3 young (6144K), 1 survivors (2048K)
 Metaspace       used 86774K, committed 87104K, reserved 1130496K
  class space    used 9771K, committed 9920K, reserved 1048576K
}

