# JRE version: OpenJDK Runtime Environment (17.0.6) (build 17.0.6+0-b2043.56-10027231)
# Java VM: OpenJDK 64-Bit Server VM (17.0.6+0-b2043.56-10027231, mixed mode, tiered, compressed oops, compressed class ptrs, g1 gc, windows-amd64)
GC Precious Log:
 CPUs: 8 total, 8 available
 Memory: 16304M
 Large Page Support: Disabled
 NUMA Support: Disabled
 Compressed Oops: Enabled (32-bit)
 Heap Region Size: 1M
 Heap Min Capacity: 8M
 Heap Initial Capacity: 256M
 Heap Max Capacity: 2G
 Pre-touch: Disabled
 Parallel Workers: 8
 Concurrent Workers: 2
 Concurrent Refinement Workers: 8
 Periodic GC: Disabled
Heap:
 garbage-first heap   total 436224K, used 342807K [0x0000000080000000, 0x0000000100000000)
  region size 1024K, 165 young (168960K), 4 survivors (4096K)
 Metaspace       used 154097K, committed 155200K, reserved 1187840K
  class space    used 21130K, committed 21696K, reserved 1048576K
GC Heap History (20 events):
Event: 208.016 GC heap before
{Heap before GC invocations=48 (full 0):
 garbage-first heap   total 241664K, used 180188K [0x0000000080000000, 0x0000000100000000)
  region size 1024K, 19 young (19456K), 4 survivors (4096K)
 Metaspace       used 126424K, committed 127296K, reserved 1163264K
  class space    used 17028K, committed 17472K, reserved 1048576K
}
Event: 208.021 GC heap after
{Heap after GC invocations=49 (full 0):
 garbage-first heap   total 241664K, used 168146K [0x0000000080000000, 0x0000000100000000)
  region size 1024K, 2 young (2048K), 2 survivors (2048K)
 Metaspace       used 126424K, committed 127296K, reserved 1163264K
  class space    used 17028K, committed 17472K, reserved 1048576K
}
Event: 208.478 GC heap before
{Heap before GC invocations=50 (full 0):
 garbage-first heap   total 306176K, used 194770K [0x0000000080000000, 0x0000000100000000)
  region size 1024K, 35 young (35840K), 2 survivors (2048K)
 Metaspace       used 130128K, committed 131136K, reserved 1163264K
  class space    used 17581K, committed 18048K, reserved 1048576K
}
Event: 208.486 GC heap after
{Heap after GC invocations=51 (full 0):
 garbage-first heap   total 306176K, used 169425K [0x0000000080000000, 0x0000000100000000)
  region size 1024K, 5 young (5120K), 5 survivors (5120K)
 Metaspace       used 130128K, committed 131136K, reserved 1163264K
  class space    used 17581K, committed 18048K, reserved 1048576K
}
Event: 208.593 GC heap before
{Heap before GC invocations=51 (full 0):
 garbage-first heap   total 306176K, used 178641K [0x0000000080000000, 0x0000000100000000)
  region size 1024K, 14 young (14336K), 5 survivors (5120K)
 Metaspace       used 131398K, committed 132416K, reserved 1163264K
  class space    used 17929K, committed 18432K, reserved 1048576K
}
Event: 208.606 GC heap after
{Heap after GC invocations=52 (full 0):
 garbage-first heap   total 306176K, used 151584K [0x0000000080000000, 0x0000000100000000)
  region size 1024K, 2 young (2048K), 2 survivors (2048K)
 Metaspace       used 131398K, committed 132416K, reserved 1163264K
  class space    used 17929K, committed 18432K, reserved 1048576K
}
Event: 208.785 GC heap before
{Heap before GC invocations=52 (full 0):
 garbage-first heap   total 306176K, used 162848K [0x0000000080000000, 0x0000000100000000)
  region size 1024K, 14 young (14336K), 2 survivors (2048K)
 Metaspace       used 133023K, committed 134080K, reserved 1171456K
  class space    used 18252K, committed 18752K, reserved 1048576K
}
Event: 208.790 GC heap after
{Heap after GC invocations=53 (full 0):
 garbage-first heap   total 306176K, used 152893K [0x0000000080000000, 0x0000000100000000)
  region size 1024K, 2 young (2048K), 2 survivors (2048K)
 Metaspace       used 133023K, committed 134080K, reserved 1171456K
  class space    used 18252K, committed 18752K, reserved 1048576K
}
Event: 209.851 GC heap before
{Heap before GC invocations=53 (full 0):
 garbage-first heap   total 306176K, used 245053K [0x0000000080000000, 0x0000000100000000)
  region size 1024K, 93 young (95232K), 2 survivors (2048K)
 Metaspace       used 140153K, committed 141120K, reserved 1171456K
  class space    used 19503K, committed 19968K, reserved 1048576K
}
Event: 209.859 GC heap after
{Heap after GC invocations=54 (full 0):
 garbage-first heap   total 406528K, used 155233K [0x0000000080000000, 0x0000000100000000)
  region size 1024K, 4 young (4096K), 4 survivors (4096K)
 Metaspace       used 140153K, committed 141120K, reserved 1171456K
  class space    used 19503K, committed 19968K, reserved 1048576K
}
Event: 212.191 GC heap before
{Heap before GC invocations=55 (full 0):
 garbage-first heap   total 436224K, used 398945K [0x0000000080000000, 0x0000000100000000)
  region size 1024K, 125 young (128000K), 4 survivors (4096K)
 Metaspace       used 147988K, committed 148992K, reserved 1179648K
  class space    used 20430K, committed 20928K, reserved 1048576K
}
Event: 212.200 GC heap after
{Heap after GC invocations=56 (full 0):
 garbage-first heap   total 436224K, used 168873K [0x0000000080000000, 0x0000000100000000)
  region size 1024K, 16 young (16384K), 16 survivors (16384K)
 Metaspace       used 147988K, committed 148992K, reserved 1179648K
  class space    used 20430K, committed 20928K, reserved 1048576K
}
Event: 212.586 GC heap before
{Heap before GC invocations=56 (full 0):
 garbage-first heap   total 436224K, used 196521K [0x0000000080000000, 0x0000000100000000)
  region size 1024K, 21 young (21504K), 16 survivors (16384K)
 Metaspace       used 148890K, committed 149952K, reserved 1179648K
  class space    used 20535K, committed 21056K, reserved 1048576K
}
Event: 212.593 GC heap after
{Heap after GC invocations=57 (full 0):
 garbage-first heap   total 436224K, used 148938K [0x0000000080000000, 0x0000000100000000)
  region size 1024K, 2 young (2048K), 2 survivors (2048K)
 Metaspace       used 148890K, committed 149952K, reserved 1179648K
  class space    used 20535K, committed 21056K, reserved 1048576K
}
Event: 213.293 GC heap before
{Heap before GC invocations=57 (full 0):
 garbage-first heap   total 436224K, used 357834K [0x0000000080000000, 0x0000000100000000)
  region size 1024K, 206 young (210944K), 2 survivors (2048K)
 Metaspace       used 151691K, committed 152704K, reserved 1187840K
  class space    used 20847K, committed 21312K, reserved 1048576K
}
Event: 213.301 GC heap after
{Heap after GC invocations=58 (full 0):
 garbage-first heap   total 436224K, used 161331K [0x0000000080000000, 0x0000000100000000)
  region size 1024K, 14 young (14336K), 14 survivors (14336K)
 Metaspace       used 151691K, committed 152704K, reserved 1187840K
  class space    used 20847K, committed 21312K, reserved 1048576K
}
Event: 213.915 GC heap before
{Heap before GC invocations=58 (full 0):
 garbage-first heap   total 436224K, used 349747K [0x0000000080000000, 0x0000000100000000)
  region size 1024K, 198 young (202752K), 14 survivors (14336K)
 Metaspace       used 152599K, committed 153664K, reserved 1187840K
  class space    used 20945K, committed 21440K, reserved 1048576K
}
Event: 213.922 GC heap after
{Heap after GC invocations=59 (full 0):
 garbage-first heap   total 436224K, used 162764K [0x0000000080000000, 0x0000000100000000)
  region size 1024K, 3 young (3072K), 3 survivors (3072K)
 Metaspace       used 152599K, committed 153664K, reserved 1187840K
  class space    used 20945K, committed 21440K, reserved 1048576K
}
Event: 214.463 GC heap before
{Heap before GC invocations=59 (full 0):
 garbage-first heap   total 436224K, used 355276K [0x0000000080000000, 0x0000000100000000)
  region size 1024K, 191 young (195584K), 3 survivors (3072K)
 Metaspace       used 152602K, committed 153664K, reserved 1187840K
  class space    used 20945K, committed 21440K, reserved 1048576K
}
Event: 214.466 GC heap after
{Heap after GC invocations=60 (full 0):
 garbage-first heap   total 436224K, used 163607K [0x0000000080000000, 0x0000000100000000)
  region size 1024K, 4 young (4096K), 4 survivors (4096K)
 Metaspace       used 152602K, committed 153664K, reserved 1187840K
  class space    used 20945K, committed 21440K, reserved 1048576K
}

