# JRE version: OpenJDK Runtime Environment (17.0.6) (build 17.0.6+0-b2043.56-10027231)
# Java VM: OpenJDK 64-Bit Server VM (17.0.6+0-b2043.56-10027231, mixed mode, tiered, compressed oops, compressed class ptrs, g1 gc, windows-amd64)
GC Precious Log:
 CPUs: 8 total, 8 available
 Memory: 16304M
 Large Page Support: Disabled
 NUMA Support: Disabled
 Compressed Oops: Enabled (32-bit)
 Heap Region Size: 1M
 Heap Min Capacity: 8M
 Heap Initial Capacity: 256M
 Heap Max Capacity: 2G
 Pre-touch: Disabled
 Parallel Workers: 8
 Concurrent Workers: 2
 Concurrent Refinement Workers: 8
 Periodic GC: Disabled
Heap:
 garbage-first heap   total 300032K, used 134015K [0x0000000080000000, 0x0000000100000000)
  region size 1024K, 8 young (8192K), 5 survivors (5120K)
 Metaspace       used 110632K, committed 111360K, reserved 1146880K
  class space    used 14891K, committed 15232K, reserved 1048576K
GC Heap History (20 events):
Event: 9.282 GC heap before
{Heap before GC invocations=27 (full 0):
 garbage-first heap   total 188416K, used 105431K [0x0000000080000000, 0x0000000100000000)
  region size 1024K, 9 young (9216K), 5 survivors (5120K)
 Metaspace       used 96240K, committed 96960K, reserved 1138688K
  class space    used 13227K, committed 13568K, reserved 1048576K
}
Event: 9.288 GC heap after
{Heap after GC invocations=28 (full 0):
 garbage-first heap   total 188416K, used 100909K [0x0000000080000000, 0x0000000100000000)
  region size 1024K, 2 young (2048K), 2 survivors (2048K)
 Metaspace       used 96240K, committed 96960K, reserved 1138688K
  class space    used 13227K, committed 13568K, reserved 1048576K
}
Event: 9.607 GC heap before
{Heap before GC invocations=28 (full 0):
 garbage-first heap   total 188416K, used 151085K [0x0000000080000000, 0x0000000100000000)
  region size 1024K, 52 young (53248K), 2 survivors (2048K)
 Metaspace       used 96647K, committed 97280K, reserved 1138688K
  class space    used 13255K, committed 13568K, reserved 1048576K
}
Event: 9.612 GC heap after
{Heap after GC invocations=29 (full 0):
 garbage-first heap   total 300032K, used 105603K [0x0000000080000000, 0x0000000100000000)
  region size 1024K, 6 young (6144K), 6 survivors (6144K)
 Metaspace       used 96647K, committed 97280K, reserved 1138688K
  class space    used 13255K, committed 13568K, reserved 1048576K
}
Event: 10.224 GC heap before
{Heap before GC invocations=30 (full 0):
 garbage-first heap   total 300032K, used 220291K [0x0000000080000000, 0x0000000100000000)
  region size 1024K, 119 young (121856K), 6 survivors (6144K)
 Metaspace       used 96884K, committed 97536K, reserved 1138688K
  class space    used 13278K, committed 13568K, reserved 1048576K
}
Event: 10.236 GC heap after
{Heap after GC invocations=31 (full 0):
 garbage-first heap   total 300032K, used 111770K [0x0000000080000000, 0x0000000100000000)
  region size 1024K, 12 young (12288K), 12 survivors (12288K)
 Metaspace       used 96884K, committed 97536K, reserved 1138688K
  class space    used 13278K, committed 13568K, reserved 1048576K
}
Event: 10.244 GC heap before
{Heap before GC invocations=31 (full 0):
 garbage-first heap   total 300032K, used 113818K [0x0000000080000000, 0x0000000100000000)
  region size 1024K, 14 young (14336K), 12 survivors (12288K)
 Metaspace       used 96889K, committed 97536K, reserved 1138688K
  class space    used 13278K, committed 13568K, reserved 1048576K
}
Event: 10.252 GC heap after
{Heap after GC invocations=32 (full 0):
 garbage-first heap   total 300032K, used 111414K [0x0000000080000000, 0x0000000100000000)
  region size 1024K, 2 young (2048K), 2 survivors (2048K)
 Metaspace       used 96889K, committed 97536K, reserved 1138688K
  class space    used 13278K, committed 13568K, reserved 1048576K
}
Event: 11.231 GC heap before
{Heap before GC invocations=32 (full 0):
 garbage-first heap   total 300032K, used 232246K [0x0000000080000000, 0x0000000100000000)
  region size 1024K, 120 young (122880K), 2 survivors (2048K)
 Metaspace       used 106573K, committed 107392K, reserved 1146880K
  class space    used 14394K, committed 14784K, reserved 1048576K
}
Event: 11.239 GC heap after
{Heap after GC invocations=33 (full 0):
 garbage-first heap   total 300032K, used 126639K [0x0000000080000000, 0x0000000100000000)
  region size 1024K, 15 young (15360K), 15 survivors (15360K)
 Metaspace       used 106573K, committed 107392K, reserved 1146880K
  class space    used 14394K, committed 14784K, reserved 1048576K
}
Event: 11.410 GC heap before
{Heap before GC invocations=33 (full 0):
 garbage-first heap   total 300032K, used 232111K [0x0000000080000000, 0x0000000100000000)
  region size 1024K, 118 young (120832K), 15 survivors (15360K)
 Metaspace       used 106734K, committed 107520K, reserved 1146880K
  class space    used 14408K, committed 14784K, reserved 1048576K
}
Event: 11.419 GC heap after
{Heap after GC invocations=34 (full 0):
 garbage-first heap   total 300032K, used 129190K [0x0000000080000000, 0x0000000100000000)
  region size 1024K, 3 young (3072K), 3 survivors (3072K)
 Metaspace       used 106734K, committed 107520K, reserved 1146880K
  class space    used 14408K, committed 14784K, reserved 1048576K
}
Event: 11.624 GC heap before
{Heap before GC invocations=34 (full 0):
 garbage-first heap   total 300032K, used 239782K [0x0000000080000000, 0x0000000100000000)
  region size 1024K, 111 young (113664K), 3 survivors (3072K)
 Metaspace       used 106804K, committed 107584K, reserved 1146880K
  class space    used 14415K, committed 14784K, reserved 1048576K
}
Event: 11.625 GC heap after
{Heap after GC invocations=35 (full 0):
 garbage-first heap   total 300032K, used 129089K [0x0000000080000000, 0x0000000100000000)
  region size 1024K, 3 young (3072K), 3 survivors (3072K)
 Metaspace       used 106804K, committed 107584K, reserved 1146880K
  class space    used 14415K, committed 14784K, reserved 1048576K
}
Event: 11.870 GC heap before
{Heap before GC invocations=35 (full 0):
 garbage-first heap   total 300032K, used 244801K [0x0000000080000000, 0x0000000100000000)
  region size 1024K, 116 young (118784K), 3 survivors (3072K)
 Metaspace       used 107724K, committed 108480K, reserved 1146880K
  class space    used 14516K, committed 14912K, reserved 1048576K
}
Event: 11.872 GC heap after
{Heap after GC invocations=36 (full 0):
 garbage-first heap   total 300032K, used 129134K [0x0000000080000000, 0x0000000100000000)
  region size 1024K, 3 young (3072K), 3 survivors (3072K)
 Metaspace       used 107724K, committed 108480K, reserved 1146880K
  class space    used 14516K, committed 14912K, reserved 1048576K
}
Event: 12.028 GC heap before
{Heap before GC invocations=36 (full 0):
 garbage-first heap   total 300032K, used 248942K [0x0000000080000000, 0x0000000100000000)
  region size 1024K, 120 young (122880K), 3 survivors (3072K)
 Metaspace       used 107732K, committed 108480K, reserved 1146880K
  class space    used 14516K, committed 14912K, reserved 1048576K
}
Event: 12.030 GC heap after
{Heap after GC invocations=37 (full 0):
 garbage-first heap   total 300032K, used 130497K [0x0000000080000000, 0x0000000100000000)
  region size 1024K, 4 young (4096K), 4 survivors (4096K)
 Metaspace       used 107732K, committed 108480K, reserved 1146880K
  class space    used 14516K, committed 14912K, reserved 1048576K
}
Event: 12.269 GC heap before
{Heap before GC invocations=37 (full 0):
 garbage-first heap   total 300032K, used 252353K [0x0000000080000000, 0x0000000100000000)
  region size 1024K, 123 young (125952K), 4 survivors (4096K)
 Metaspace       used 107732K, committed 108480K, reserved 1146880K
  class space    used 14516K, committed 14912K, reserved 1048576K
}
Event: 12.271 GC heap after
{Heap after GC invocations=38 (full 0):
 garbage-first heap   total 300032K, used 131176K [0x0000000080000000, 0x0000000100000000)
  region size 1024K, 5 young (5120K), 5 survivors (5120K)
 Metaspace       used 107732K, committed 108480K, reserved 1146880K
  class space    used 14516K, committed 14912K, reserved 1048576K
}

