# JRE version: OpenJDK Runtime Environment (17.0.6) (build 17.0.6+0-b2043.56-10027231)
# Java VM: OpenJDK 64-Bit Server VM (17.0.6+0-b2043.56-10027231, mixed mode, tiered, compressed oops, compressed class ptrs, g1 gc, windows-amd64)
GC Precious Log:
 CPUs: 8 total, 8 available
 Memory: 16304M
 Large Page Support: Disabled
 NUMA Support: Disabled
 Compressed Oops: Enabled (32-bit)
 Heap Region Size: 1M
 Heap Min Capacity: 8M
 Heap Initial Capacity: 256M
 Heap Max Capacity: 2G
 Pre-touch: Disabled
 Parallel Workers: 8
 Concurrent Workers: 2
 Concurrent Refinement Workers: 8
 Periodic GC: Disabled
Heap:
 garbage-first heap   total 296960K, used 135372K [0x0000000080000000, 0x0000000100000000)
  region size 1024K, 2 young (2048K), 2 survivors (2048K)
 Metaspace       used 117476K, committed 118272K, reserved 1155072K
  class space    used 15704K, committed 16128K, reserved 1048576K
GC Heap History (20 events):
Event: 72.932 GC heap after
{Heap after GC invocations=43 (full 0):
 garbage-first heap   total 214016K, used 121178K [0x0000000080000000, 0x0000000100000000)
  region size 1024K, 9 young (9216K), 9 survivors (9216K)
 Metaspace       used 108746K, committed 109440K, reserved 1146880K
  class space    used 14764K, committed 15104K, reserved 1048576K
}
Event: 73.713 GC heap before
{Heap before GC invocations=43 (full 0):
 garbage-first heap   total 214016K, used 176474K [0x0000000080000000, 0x0000000100000000)
  region size 1024K, 64 young (65536K), 9 survivors (9216K)
 Metaspace       used 109325K, committed 110080K, reserved 1146880K
  class space    used 14784K, committed 15168K, reserved 1048576K
}
Event: 73.726 GC heap after
{Heap after GC invocations=44 (full 0):
 garbage-first heap   total 214016K, used 127422K [0x0000000080000000, 0x0000000100000000)
  region size 1024K, 8 young (8192K), 8 survivors (8192K)
 Metaspace       used 109325K, committed 110080K, reserved 1146880K
  class space    used 14784K, committed 15168K, reserved 1048576K
}
Event: 1411.341 GC heap before
{Heap before GC invocations=44 (full 0):
 garbage-first heap   total 214016K, used 175550K [0x0000000080000000, 0x0000000100000000)
  region size 1024K, 56 young (57344K), 8 survivors (8192K)
 Metaspace       used 109728K, committed 110528K, reserved 1146880K
  class space    used 14795K, committed 15168K, reserved 1048576K
}
Event: 1411.347 GC heap after
{Heap after GC invocations=45 (full 0):
 garbage-first heap   total 214016K, used 129816K [0x0000000080000000, 0x0000000100000000)
  region size 1024K, 3 young (3072K), 3 survivors (3072K)
 Metaspace       used 109728K, committed 110528K, reserved 1146880K
  class space    used 14795K, committed 15168K, reserved 1048576K
}
Event: 4181.329 GC heap before
{Heap before GC invocations=45 (full 0):
 garbage-first heap   total 214016K, used 178968K [0x0000000080000000, 0x0000000100000000)
  region size 1024K, 51 young (52224K), 3 survivors (3072K)
 Metaspace       used 109806K, committed 110592K, reserved 1146880K
  class space    used 14795K, committed 15168K, reserved 1048576K
}
Event: 4181.331 GC heap after
{Heap after GC invocations=46 (full 0):
 garbage-first heap   total 214016K, used 129064K [0x0000000080000000, 0x0000000100000000)
  region size 1024K, 2 young (2048K), 2 survivors (2048K)
 Metaspace       used 109806K, committed 110592K, reserved 1146880K
  class space    used 14795K, committed 15168K, reserved 1048576K
}
Event: 5655.775 GC heap before
{Heap before GC invocations=46 (full 0):
 garbage-first heap   total 214016K, used 181288K [0x0000000080000000, 0x0000000100000000)
  region size 1024K, 53 young (54272K), 2 survivors (2048K)
 Metaspace       used 109932K, committed 110720K, reserved 1146880K
  class space    used 14809K, committed 15168K, reserved 1048576K
}
Event: 5655.781 GC heap after
{Heap after GC invocations=47 (full 0):
 garbage-first heap   total 214016K, used 131509K [0x0000000080000000, 0x0000000100000000)
  region size 1024K, 5 young (5120K), 5 survivors (5120K)
 Metaspace       used 109932K, committed 110720K, reserved 1146880K
  class space    used 14809K, committed 15168K, reserved 1048576K
}
Event: 5656.417 GC heap before
{Heap before GC invocations=47 (full 0):
 garbage-first heap   total 214016K, used 181685K [0x0000000080000000, 0x0000000100000000)
  region size 1024K, 53 young (54272K), 5 survivors (5120K)
 Metaspace       used 111156K, committed 111936K, reserved 1146880K
  class space    used 14938K, committed 15296K, reserved 1048576K
}
Event: 5656.424 GC heap after
{Heap after GC invocations=48 (full 0):
 garbage-first heap   total 214016K, used 139139K [0x0000000080000000, 0x0000000100000000)
  region size 1024K, 7 young (7168K), 7 survivors (7168K)
 Metaspace       used 111156K, committed 111936K, reserved 1146880K
  class space    used 14938K, committed 15296K, reserved 1048576K
}
Event: 5656.955 GC heap before
{Heap before GC invocations=48 (full 0):
 garbage-first heap   total 214016K, used 179075K [0x0000000080000000, 0x0000000100000000)
  region size 1024K, 47 young (48128K), 7 survivors (7168K)
 Metaspace       used 115101K, committed 115904K, reserved 1155072K
  class space    used 15444K, committed 15808K, reserved 1048576K
}
Event: 5656.967 GC heap after
{Heap after GC invocations=49 (full 0):
 garbage-first heap   total 214016K, used 154383K [0x0000000080000000, 0x0000000100000000)
  region size 1024K, 6 young (6144K), 6 survivors (6144K)
 Metaspace       used 115101K, committed 115904K, reserved 1155072K
  class space    used 15444K, committed 15808K, reserved 1048576K
}
Event: 5657.094 GC heap before
{Heap before GC invocations=49 (full 0):
 garbage-first heap   total 214016K, used 171791K [0x0000000080000000, 0x0000000100000000)
  region size 1024K, 16 young (16384K), 6 survivors (6144K)
 Metaspace       used 115125K, committed 115904K, reserved 1155072K
  class space    used 15445K, committed 15808K, reserved 1048576K
}
Event: 5657.102 GC heap after
{Heap after GC invocations=50 (full 0):
 garbage-first heap   total 214016K, used 165702K [0x0000000080000000, 0x0000000100000000)
  region size 1024K, 4 young (4096K), 4 survivors (4096K)
 Metaspace       used 115125K, committed 115904K, reserved 1155072K
  class space    used 15445K, committed 15808K, reserved 1048576K
}
Event: 5657.329 GC heap before
{Heap before GC invocations=51 (full 0):
 garbage-first heap   total 296960K, used 182086K [0x0000000080000000, 0x0000000100000000)
  region size 1024K, 16 young (16384K), 4 survivors (4096K)
 Metaspace       used 115669K, committed 116608K, reserved 1155072K
  class space    used 15477K, committed 15936K, reserved 1048576K
}
Event: 5657.335 GC heap after
{Heap after GC invocations=52 (full 0):
 garbage-first heap   total 296960K, used 161042K [0x0000000080000000, 0x0000000100000000)
  region size 1024K, 2 young (2048K), 2 survivors (2048K)
 Metaspace       used 115669K, committed 116608K, reserved 1155072K
  class space    used 15477K, committed 15936K, reserved 1048576K
}
Event: 5657.495 GC heap before
{Heap before GC invocations=52 (full 0):
 garbage-first heap   total 296960K, used 172306K [0x0000000080000000, 0x0000000100000000)
  region size 1024K, 14 young (14336K), 2 survivors (2048K)
 Metaspace       used 116768K, committed 117504K, reserved 1155072K
  class space    used 15607K, committed 16000K, reserved 1048576K
}
Event: 5657.505 GC heap after
{Heap after GC invocations=53 (full 0):
 garbage-first heap   total 296960K, used 140152K [0x0000000080000000, 0x0000000100000000)
  region size 1024K, 1 young (1024K), 1 survivors (1024K)
 Metaspace       used 116768K, committed 117504K, reserved 1155072K
  class space    used 15607K, committed 16000K, reserved 1048576K
}
Event: 5657.658 GC heap before
{Heap before GC invocations=53 (full 0):
 garbage-first heap   total 296960K, used 152440K [0x0000000080000000, 0x0000000100000000)
  region size 1024K, 14 young (14336K), 1 survivors (1024K)
 Metaspace       used 117476K, committed 118272K, reserved 1155072K
  class space    used 15704K, committed 16128K, reserved 1048576K
}

