# JRE version: OpenJDK Runtime Environment (17.0.6) (build 17.0.6+0-b2043.56-10027231)
# Java VM: OpenJDK 64-Bit Server VM (17.0.6+0-b2043.56-10027231, mixed mode, tiered, compressed oops, compressed class ptrs, g1 gc, windows-amd64)
GC Precious Log:
 CPUs: 8 total, 8 available
 Memory: 16304M
 Large Page Support: Disabled
 NUMA Support: Disabled
 Compressed Oops: Enabled (32-bit)
 Heap Region Size: 1M
 Heap Min Capacity: 8M
 Heap Initial Capacity: 256M
 Heap Max Capacity: 2G
 Pre-touch: Disabled
 Parallel Workers: 8
 Concurrent Workers: 2
 Concurrent Refinement Workers: 8
 Periodic GC: Disabled
Heap:
 garbage-first heap   total 296960K, used 232102K [0x0000000080000000, 0x0000000100000000)
  region size 1024K, 84 young (86016K), 2 survivors (2048K)
 Metaspace       used 114498K, committed 115392K, reserved 1155072K
  class space    used 15454K, committed 15872K, reserved 1048576K
GC Heap History (20 events):
Event: 15.541 GC heap before
{Heap before GC invocations=39 (full 0):
 garbage-first heap   total 236544K, used 188416K [0x0000000080000000, 0x0000000100000000)
  region size 1024K, 67 young (68608K), 10 survivors (10240K)
 Metaspace       used 111357K, committed 112192K, reserved 1146880K
  class space    used 15080K, committed 15488K, reserved 1048576K
}
Event: 15.546 GC heap after
{Heap after GC invocations=40 (full 0):
 garbage-first heap   total 236544K, used 132481K [0x0000000080000000, 0x0000000100000000)
  region size 1024K, 2 young (2048K), 2 survivors (2048K)
 Metaspace       used 111357K, committed 112192K, reserved 1146880K
  class space    used 15080K, committed 15488K, reserved 1048576K
}
Event: 15.639 GC heap before
{Heap before GC invocations=40 (full 0):
 garbage-first heap   total 236544K, used 191873K [0x0000000080000000, 0x0000000100000000)
  region size 1024K, 60 young (61440K), 2 survivors (2048K)
 Metaspace       used 111490K, committed 112320K, reserved 1146880K
  class space    used 15093K, committed 15488K, reserved 1048576K
}
Event: 15.641 GC heap after
{Heap after GC invocations=41 (full 0):
 garbage-first heap   total 236544K, used 132323K [0x0000000080000000, 0x0000000100000000)
  region size 1024K, 2 young (2048K), 2 survivors (2048K)
 Metaspace       used 111490K, committed 112320K, reserved 1146880K
  class space    used 15093K, committed 15488K, reserved 1048576K
}
Event: 15.753 GC heap before
{Heap before GC invocations=41 (full 0):
 garbage-first heap   total 236544K, used 194787K [0x0000000080000000, 0x0000000100000000)
  region size 1024K, 63 young (64512K), 2 survivors (2048K)
 Metaspace       used 111526K, committed 112384K, reserved 1146880K
  class space    used 15093K, committed 15488K, reserved 1048576K
}
Event: 15.755 GC heap after
{Heap after GC invocations=42 (full 0):
 garbage-first heap   total 236544K, used 132770K [0x0000000080000000, 0x0000000100000000)
  region size 1024K, 2 young (2048K), 2 survivors (2048K)
 Metaspace       used 111526K, committed 112384K, reserved 1146880K
  class space    used 15093K, committed 15488K, reserved 1048576K
}
Event: 15.860 GC heap before
{Heap before GC invocations=42 (full 0):
 garbage-first heap   total 236544K, used 198306K [0x0000000080000000, 0x0000000100000000)
  region size 1024K, 66 young (67584K), 2 survivors (2048K)
 Metaspace       used 111526K, committed 112384K, reserved 1146880K
  class space    used 15093K, committed 15488K, reserved 1048576K
}
Event: 15.862 GC heap after
{Heap after GC invocations=43 (full 0):
 garbage-first heap   total 236544K, used 133131K [0x0000000080000000, 0x0000000100000000)
  region size 1024K, 3 young (3072K), 3 survivors (3072K)
 Metaspace       used 111526K, committed 112384K, reserved 1146880K
  class space    used 15093K, committed 15488K, reserved 1048576K
}
Event: 16.018 GC heap before
{Heap before GC invocations=43 (full 0):
 garbage-first heap   total 236544K, used 199691K [0x0000000080000000, 0x0000000100000000)
  region size 1024K, 68 young (69632K), 3 survivors (3072K)
 Metaspace       used 112440K, committed 113280K, reserved 1146880K
  class space    used 15194K, committed 15616K, reserved 1048576K
}
Event: 16.020 GC heap after
{Heap after GC invocations=44 (full 0):
 garbage-first heap   total 236544K, used 133943K [0x0000000080000000, 0x0000000100000000)
  region size 1024K, 3 young (3072K), 3 survivors (3072K)
 Metaspace       used 112440K, committed 113280K, reserved 1146880K
  class space    used 15194K, committed 15616K, reserved 1048576K
}
Event: 16.086 GC heap before
{Heap before GC invocations=44 (full 0):
 garbage-first heap   total 236544K, used 202551K [0x0000000080000000, 0x0000000100000000)
  region size 1024K, 70 young (71680K), 3 survivors (3072K)
 Metaspace       used 112471K, committed 113344K, reserved 1146880K
  class space    used 15194K, committed 15616K, reserved 1048576K
}
Event: 16.088 GC heap after
{Heap after GC invocations=45 (full 0):
 garbage-first heap   total 236544K, used 133912K [0x0000000080000000, 0x0000000100000000)
  region size 1024K, 3 young (3072K), 3 survivors (3072K)
 Metaspace       used 112471K, committed 113344K, reserved 1146880K
  class space    used 15194K, committed 15616K, reserved 1048576K
}
Event: 16.157 GC heap before
{Heap before GC invocations=45 (full 0):
 garbage-first heap   total 236544K, used 204568K [0x0000000080000000, 0x0000000100000000)
  region size 1024K, 72 young (73728K), 3 survivors (3072K)
 Metaspace       used 112479K, committed 113344K, reserved 1146880K
  class space    used 15194K, committed 15616K, reserved 1048576K
}
Event: 16.160 GC heap after
{Heap after GC invocations=46 (full 0):
 garbage-first heap   total 236544K, used 135231K [0x0000000080000000, 0x0000000100000000)
  region size 1024K, 5 young (5120K), 5 survivors (5120K)
 Metaspace       used 112479K, committed 113344K, reserved 1146880K
  class space    used 15194K, committed 15616K, reserved 1048576K
}
Event: 16.286 GC heap before
{Heap before GC invocations=46 (full 0):
 garbage-first heap   total 236544K, used 203839K [0x0000000080000000, 0x0000000100000000)
  region size 1024K, 72 young (73728K), 5 survivors (5120K)
 Metaspace       used 112479K, committed 113344K, reserved 1146880K
  class space    used 15194K, committed 15616K, reserved 1048576K
}
Event: 16.289 GC heap after
{Heap after GC invocations=47 (full 0):
 garbage-first heap   total 236544K, used 135742K [0x0000000080000000, 0x0000000100000000)
  region size 1024K, 5 young (5120K), 5 survivors (5120K)
 Metaspace       used 112479K, committed 113344K, reserved 1146880K
  class space    used 15194K, committed 15616K, reserved 1048576K
}
Event: 16.451 GC heap before
{Heap before GC invocations=48 (full 0):
 garbage-first heap   total 296960K, used 205374K [0x0000000080000000, 0x0000000100000000)
  region size 1024K, 73 young (74752K), 5 survivors (5120K)
 Metaspace       used 112465K, committed 113344K, reserved 1146880K
  class space    used 15190K, committed 15616K, reserved 1048576K
}
Event: 16.454 GC heap after
{Heap after GC invocations=49 (full 0):
 garbage-first heap   total 296960K, used 135416K [0x0000000080000000, 0x0000000100000000)
  region size 1024K, 5 young (5120K), 5 survivors (5120K)
 Metaspace       used 112465K, committed 113344K, reserved 1146880K
  class space    used 15190K, committed 15616K, reserved 1048576K
}
Event: 16.467 GC heap before
{Heap before GC invocations=49 (full 0):
 garbage-first heap   total 296960K, used 144632K [0x0000000080000000, 0x0000000100000000)
  region size 1024K, 14 young (14336K), 5 survivors (5120K)
 Metaspace       used 112465K, committed 113344K, reserved 1146880K
  class space    used 15190K, committed 15616K, reserved 1048576K
}
Event: 16.471 GC heap after
{Heap after GC invocations=50 (full 0):
 garbage-first heap   total 296960K, used 133798K [0x0000000080000000, 0x0000000100000000)
  region size 1024K, 2 young (2048K), 2 survivors (2048K)
 Metaspace       used 112465K, committed 113344K, reserved 1146880K
  class space    used 15190K, committed 15616K, reserved 1048576K
}

